<?xml version="1.0" encoding="UTF-8"?>
<!-- Generated by org.testng.reporters.JUnitXMLReporter -->
<testsuite ignored="3" hostname="DESKTOP-2T600MT" failures="0" tests="5" name="FTest" time="0.093" errors="0" timestamp="2023-01-11T17:39:10 IST">
  <testcase classname="Test.FirstClass" name="Demo" time="0.007"/>
  <testcase classname="Test.FirstClass" name="Demo2" time="0.004"/>
  <testcase classname="Test.ThirdClass" name="phone" time="0.001"/>
  <testcase classname="Test.ForthClass" name="District" time="0.002"/>
  <testcase classname="Test.ForthClass" name="Nationality" time="0.006"/>
  <testcase classname="Test.ForthClass" name="State" time="0.0">
    <ignored/>
  </testcase> <!-- State -->
  <testcase classname="Test.SecondClass" name="name" time="0.0">
    <ignored/>
  </testcase> <!-- name -->
  <testcase classname="Test.ThirdClass" name="address" time="0.0">
    <ignored/>
  </testcase> <!-- address -->
</testsuite> <!-- FTest -->
