<?xml version="1.0" encoding="UTF-8"?>
<!-- Generated by org.testng.reporters.JUnitXMLReporter -->
<testsuite ignored="0" hostname="DESKTOP-2T600MT" failures="0" tests="6" name="Biodata" time="0.069" errors="0" timestamp="2023-01-11T16:09:38 IST">
  <testcase classname="Test.FirstClass" name="Demo" time="0.007"/>
  <testcase classname="Test.FirstClass" name="Demo2" time="0.002"/>
  <testcase classname="Test.SecondClass" name="name" time="0.002"/>
  <testcase classname="Test.ThirdClass" name="Age" time="0.001"/>
  <testcase classname="Test.ThirdClass" name="address" time="0.001"/>
  <testcase classname="Test.ThirdClass" name="phone" time="0.001"/>
</testsuite> <!-- Biodata -->
