<?xml version="1.0" encoding="UTF-8"?>
<!-- Generated by org.testng.reporters.JUnitXMLReporter -->
<testsuite ignored="1" hostname="DESKTOP-2T600MT" failures="0" tests="2" name="Place" time="0.011" errors="0" timestamp="2023-01-11T16:09:38 IST">
  <testcase classname="Test.ForthClass" name="District" time="0.002"/>
  <testcase classname="Test.ForthClass" name="Nationality" time="0.002"/>
  <testcase classname="Test.ForthClass" name="State" time="0.0">
    <ignored/>
  </testcase> <!-- State -->
</testsuite> <!-- Place -->
