<?xml version="1.0" encoding="UTF-8"?>
<testng-results ignored="3" total="8" passed="5" failed="0" skipped="0">
  <reporter-output>
  </reporter-output>
  <suite started-at="2023-01-11T17:39:10 IST" name="Suite" finished-at="2023-01-11T17:39:10 IST" duration-ms="93">
    <groups>
    </groups>
    <test started-at="2023-01-11T17:39:10 IST" name="FTest" finished-at="2023-01-11T17:39:10 IST" duration-ms="93">
      <class name="Test.ForthClass">
        <test-method is-config="true" signature="Pen()[pri:0, instance:Test.ForthClass@793be5ca]" started-at="2023-01-11T17:39:10 IST" name="Pen" finished-at="2023-01-11T17:39:10 IST" duration-ms="10" status="PASS">
          <reporter-output>
          </reporter-output>
        </test-method> <!-- Pen -->
        <test-method signature="District()[pri:0, instance:Test.ForthClass@793be5ca]" started-at="2023-01-11T17:39:10 IST" name="District" finished-at="2023-01-11T17:39:10 IST" duration-ms="2" status="PASS">
          <reporter-output>
          </reporter-output>
        </test-method> <!-- District -->
        <test-method signature="Nationality()[pri:0, instance:Test.ForthClass@793be5ca]" started-at="2023-01-11T17:39:10 IST" name="Nationality" finished-at="2023-01-11T17:39:10 IST" duration-ms="6" status="PASS">
          <reporter-output>
          </reporter-output>
        </test-method> <!-- Nationality -->
      </class> <!-- Test.ForthClass -->
      <class name="Test.FirstClass">
        <test-method is-config="true" signature="Dot()[pri:0, instance:Test.FirstClass@10163d6]" started-at="2023-01-11T17:39:10 IST" name="Dot" finished-at="2023-01-11T17:39:10 IST" duration-ms="1" status="PASS">
          <reporter-output>
          </reporter-output>
        </test-method> <!-- Dot -->
        <test-method signature="Demo()[pri:0, instance:Test.FirstClass@10163d6]" started-at="2023-01-11T17:39:10 IST" name="Demo" finished-at="2023-01-11T17:39:10 IST" duration-ms="7" status="PASS">
          <reporter-output>
          </reporter-output>
        </test-method> <!-- Demo -->
        <test-method is-config="true" signature="Dot()[pri:0, instance:Test.FirstClass@10163d6]" started-at="2023-01-11T17:39:10 IST" name="Dot" finished-at="2023-01-11T17:39:10 IST" duration-ms="2" status="PASS">
          <reporter-output>
          </reporter-output>
        </test-method> <!-- Dot -->
        <test-method signature="Demo2()[pri:0, instance:Test.FirstClass@10163d6]" started-at="2023-01-11T17:39:10 IST" name="Demo2" finished-at="2023-01-11T17:39:10 IST" duration-ms="4" status="PASS">
          <reporter-output>
          </reporter-output>
        </test-method> <!-- Demo2 -->
        <test-method is-config="true" signature="last()[pri:0, instance:Test.FirstClass@10163d6]" started-at="2023-01-11T17:39:10 IST" name="last" finished-at="2023-01-11T17:39:10 IST" duration-ms="1" status="PASS">
          <reporter-output>
          </reporter-output>
        </test-method> <!-- last -->
      </class> <!-- Test.FirstClass -->
      <class name="Test.ThirdClass">
        <test-method is-config="true" signature="First()[pri:0, instance:Test.ThirdClass@212b5695]" started-at="2023-01-11T17:39:10 IST" name="First" finished-at="2023-01-11T17:39:10 IST" duration-ms="2" status="PASS">
          <reporter-output>
          </reporter-output>
        </test-method> <!-- First -->
        <test-method is-config="true" signature="cook()[pri:0, instance:Test.ThirdClass@212b5695]" started-at="2023-01-11T17:39:10 IST" name="cook" finished-at="2023-01-11T17:39:10 IST" duration-ms="0" status="PASS">
          <reporter-output>
          </reporter-output>
        </test-method> <!-- cook -->
        <test-method signature="phone()[pri:0, instance:Test.ThirdClass@212b5695]" started-at="2023-01-11T17:39:10 IST" name="phone" finished-at="2023-01-11T17:39:10 IST" duration-ms="1" status="PASS">
          <reporter-output>
          </reporter-output>
        </test-method> <!-- phone -->
        <test-method is-config="true" signature="Pen()[pri:0, instance:Test.ThirdClass@212b5695]" started-at="2023-01-11T17:39:10 IST" name="Pen" finished-at="2023-01-11T17:39:10 IST" duration-ms="2" status="PASS">
          <reporter-output>
          </reporter-output>
        </test-method> <!-- Pen -->
      </class> <!-- Test.ThirdClass -->
    </test> <!-- FTest -->
  </suite> <!-- Suite -->
</testng-results>
